2021-11-28 14:08:15.225 [restartedMain] INFO  com.leng.oldass.OldAssApplication - Starting OldAssApplication using Java 17.0.1 on FALL with PID 16044 (D:\Projects\IdeaProjects\OldAss\target\classes started by fall in D:\Projects\IdeaProjects\OldAss)
2021-11-28 14:08:15.227 [restartedMain] INFO  com.leng.oldass.OldAssApplication - No active profile set, falling back to default profiles: default
2021-11-28 14:08:15.286 [restartedMain] INFO  o.s.b.d.env.DevToolsPropertyDefaultsPostProcessor - Devtools property defaults active! Set 'spring.devtools.add-properties' to 'false' to disable
2021-11-28 14:08:15.286 [restartedMain] INFO  o.s.b.d.env.DevToolsPropertyDefaultsPostProcessor - For additional web related logging consider setting the 'logging.level.web' property to 'DEBUG'
2021-11-28 14:08:16.283 [restartedMain] INFO  o.s.d.r.config.RepositoryConfigurationDelegate - Multiple Spring Data modules found, entering strict repository configuration mode!
2021-11-28 14:08:16.283 [restartedMain] INFO  o.s.d.r.config.RepositoryConfigurationDelegate - Bootstrapping Spring Data Redis repositories in DEFAULT mode.
2021-11-28 14:08:16.298 [restartedMain] INFO  o.s.d.r.config.RepositoryConfigurationDelegate - Finished Spring Data repository scanning in 11 ms. Found 0 Redis repository interfaces.
2021-11-28 14:08:16.978 [restartedMain] INFO  o.s.boot.web.embedded.tomcat.TomcatWebServer - Tomcat initialized with port(s): 8082 (http)
2021-11-28 14:08:16.978 [restartedMain] INFO  org.apache.coyote.http11.Http11NioProtocol - Initializing ProtocolHandler ["http-nio-8082"]
2021-11-28 14:08:16.978 [restartedMain] INFO  org.apache.catalina.core.StandardService - Starting service [Tomcat]
2021-11-28 14:08:16.978 [restartedMain] INFO  org.apache.catalina.core.StandardEngine - Starting Servlet engine: [Apache Tomcat/9.0.54]
2021-11-28 14:08:17.083 [restartedMain] INFO  o.a.c.core.ContainerBase.[Tomcat].[localhost].[/] - Initializing Spring embedded WebApplicationContext
2021-11-28 14:08:17.083 [restartedMain] INFO  o.s.b.w.s.c.ServletWebServerApplicationContext - Root WebApplicationContext: initialization completed in 1797 ms
2021-11-28 14:08:18.408 [restartedMain] INFO  o.s.security.web.DefaultSecurityFilterChain - Will secure Ant [pattern='/static/**'] with []
2021-11-28 14:08:18.438 [restartedMain] INFO  o.s.security.web.DefaultSecurityFilterChain - Will secure any request with [org.springframework.security.web.context.request.async.WebAsyncManagerIntegrationFilter@3f5ca7f9, org.springframework.security.web.context.SecurityContextPersistenceFilter@5495f5d6, org.springframework.security.web.header.HeaderWriterFilter@2ea10b53, org.springframework.security.web.authentication.logout.LogoutFilter@7d47401a, org.springframework.security.web.authentication.UsernamePasswordAuthenticationFilter@469efef3, org.springframework.security.web.authentication.ui.DefaultLoginPageGeneratingFilter@2d3a4f00, org.springframework.security.web.authentication.ui.DefaultLogoutPageGeneratingFilter@69a62ab4, org.springframework.security.web.savedrequest.RequestCacheAwareFilter@39625bbe, org.springframework.security.web.servletapi.SecurityContextHolderAwareRequestFilter@1c9af069, org.springframework.security.web.authentication.AnonymousAuthenticationFilter@36c4cef8, org.springframework.security.web.session.SessionManagementFilter@41316b20, org.springframework.security.web.access.ExceptionTranslationFilter@43e9655, org.springframework.security.web.access.intercept.FilterSecurityInterceptor@11e39dc2]
2021-11-28 14:08:18.498 [restartedMain] INFO  o.s.b.d.autoconfigure.OptionalLiveReloadServer - LiveReload server is running on port 35729
2021-11-28 14:08:18.528 [restartedMain] INFO  org.apache.coyote.http11.Http11NioProtocol - Starting ProtocolHandler ["http-nio-8082"]
2021-11-28 14:08:18.573 [restartedMain] INFO  o.s.boot.web.embedded.tomcat.TomcatWebServer - Tomcat started on port(s): 8082 (http) with context path ''
2021-11-28 14:08:18.604 [restartedMain] INFO  com.leng.oldass.OldAssApplication - Started OldAssApplication in 4.004 seconds (JVM running for 4.916)
2021-11-28 14:12:06.201 [restartedMain] INFO  com.leng.oldass.OldAssApplication - Starting OldAssApplication using Java 17.0.1 on FALL with PID 15508 (D:\Projects\IdeaProjects\OldAss\target\classes started by fall in D:\Projects\IdeaProjects\OldAss)
2021-11-28 14:12:06.201 [restartedMain] INFO  com.leng.oldass.OldAssApplication - No active profile set, falling back to default profiles: default
2021-11-28 14:12:06.265 [restartedMain] INFO  o.s.b.d.env.DevToolsPropertyDefaultsPostProcessor - Devtools property defaults active! Set 'spring.devtools.add-properties' to 'false' to disable
2021-11-28 14:12:06.265 [restartedMain] INFO  o.s.b.d.env.DevToolsPropertyDefaultsPostProcessor - For additional web related logging consider setting the 'logging.level.web' property to 'DEBUG'
2021-11-28 14:12:07.236 [restartedMain] INFO  o.s.d.r.config.RepositoryConfigurationDelegate - Multiple Spring Data modules found, entering strict repository configuration mode!
2021-11-28 14:12:07.251 [restartedMain] INFO  o.s.d.r.config.RepositoryConfigurationDelegate - Bootstrapping Spring Data Redis repositories in DEFAULT mode.
2021-11-28 14:12:07.266 [restartedMain] INFO  o.s.d.r.config.RepositoryConfigurationDelegate - Finished Spring Data repository scanning in 15 ms. Found 0 Redis repository interfaces.
2021-11-28 14:12:07.941 [restartedMain] INFO  o.s.boot.web.embedded.tomcat.TomcatWebServer - Tomcat initialized with port(s): 8082 (http)
2021-11-28 14:12:07.941 [restartedMain] INFO  org.apache.coyote.http11.Http11NioProtocol - Initializing ProtocolHandler ["http-nio-8082"]
2021-11-28 14:12:07.941 [restartedMain] INFO  org.apache.catalina.core.StandardService - Starting service [Tomcat]
2021-11-28 14:12:07.941 [restartedMain] INFO  org.apache.catalina.core.StandardEngine - Starting Servlet engine: [Apache Tomcat/9.0.54]
2021-11-28 14:12:08.046 [restartedMain] INFO  o.a.c.core.ContainerBase.[Tomcat].[localhost].[/] - Initializing Spring embedded WebApplicationContext
2021-11-28 14:12:08.046 [restartedMain] INFO  o.s.b.w.s.c.ServletWebServerApplicationContext - Root WebApplicationContext: initialization completed in 1781 ms
2021-11-28 14:12:09.265 [restartedMain] INFO  o.s.security.web.DefaultSecurityFilterChain - Will secure Ant [pattern='/static/**'] with []
2021-11-28 14:12:09.295 [restartedMain] INFO  o.s.security.web.DefaultSecurityFilterChain - Will secure any request with [org.springframework.security.web.context.request.async.WebAsyncManagerIntegrationFilter@483ccff6, org.springframework.security.web.context.SecurityContextPersistenceFilter@13abc702, org.springframework.security.web.header.HeaderWriterFilter@b0958f9, org.springframework.security.web.authentication.logout.LogoutFilter@3f109ef, org.springframework.security.web.authentication.UsernamePasswordAuthenticationFilter@420f3df1, org.springframework.security.web.authentication.ui.DefaultLoginPageGeneratingFilter@84f41dd, org.springframework.security.web.authentication.ui.DefaultLogoutPageGeneratingFilter@225ca7e2, org.springframework.security.web.savedrequest.RequestCacheAwareFilter@2619790a, org.springframework.security.web.servletapi.SecurityContextHolderAwareRequestFilter@5f1c3a73, org.springframework.security.web.authentication.AnonymousAuthenticationFilter@78207ee8, org.springframework.security.web.session.SessionManagementFilter@3829e129, org.springframework.security.web.access.ExceptionTranslationFilter@285ab3b5, org.springframework.security.web.access.intercept.FilterSecurityInterceptor@85d826a]
2021-11-28 14:12:09.355 [restartedMain] INFO  o.s.b.d.autoconfigure.OptionalLiveReloadServer - LiveReload server is running on port 35729
2021-11-28 14:12:09.374 [restartedMain] INFO  org.apache.coyote.http11.Http11NioProtocol - Starting ProtocolHandler ["http-nio-8082"]
2021-11-28 14:12:09.440 [restartedMain] INFO  o.s.boot.web.embedded.tomcat.TomcatWebServer - Tomcat started on port(s): 8082 (http) with context path ''
2021-11-28 14:12:09.463 [restartedMain] INFO  com.leng.oldass.OldAssApplication - Started OldAssApplication in 3.792 seconds (JVM running for 4.706)
